<?xml version="1.0" encoding="UTF-8"?>
<testsuite xmlns:xsi="http://www.w3.org/2001/XMLSchema-instance" xsi:noNamespaceSchemaLocation="https://maven.apache.org/surefire/maven-surefire-plugin/xsd/surefire-test-report-3.0.xsd" version="3.0" name="com.grammar.nlu.ImprovedFSMNLUEngineTest" time="0.493" tests="10" errors="0" skipped="0" failures="0">
  <properties>
    <property name="gopherProxySet" value="false"/>
    <property name="socksProxyHost" value="127.0.0.1"/>
    <property name="awt.toolkit" value="sun.lwawt.macosx.LWCToolkit"/>
    <property name="http.proxyHost" value="127.0.0.1"/>
    <property name="java.specification.version" value="11"/>
    <property name="sun.cpu.isalist" value=""/>
    <property name="sun.jnu.encoding" value="UTF-8"/>
    <property name="java.class.path" value="/Users/upuphone/project_ai/small-grammar/target/test-classes:/Users/upuphone/project_ai/small-grammar/target/classes:/Users/upuphone/.m2/repository/org/springframework/boot/spring-boot-starter-web/2.7.14/spring-boot-starter-web-2.7.14.jar:/Users/upuphone/.m2/repository/org/springframework/boot/spring-boot-starter/2.7.14/spring-boot-starter-2.7.14.jar:/Users/upuphone/.m2/repository/org/springframework/boot/spring-boot/2.7.14/spring-boot-2.7.14.jar:/Users/upuphone/.m2/repository/org/springframework/boot/spring-boot-autoconfigure/2.7.14/spring-boot-autoconfigure-2.7.14.jar:/Users/upuphone/.m2/repository/jakarta/annotation/jakarta.annotation-api/1.3.5/jakarta.annotation-api-1.3.5.jar:/Users/upuphone/.m2/repository/org/yaml/snakeyaml/1.30/snakeyaml-1.30.jar:/Users/upuphone/.m2/repository/org/springframework/boot/spring-boot-starter-json/2.7.14/spring-boot-starter-json-2.7.14.jar:/Users/upuphone/.m2/repository/com/fasterxml/jackson/datatype/jackson-datatype-jdk8/2.13.5/jackson-datatype-jdk8-2.13.5.jar:/Users/upuphone/.m2/repository/com/fasterxml/jackson/datatype/jackson-datatype-jsr310/2.13.5/jackson-datatype-jsr310-2.13.5.jar:/Users/upuphone/.m2/repository/com/fasterxml/jackson/module/jackson-module-parameter-names/2.13.5/jackson-module-parameter-names-2.13.5.jar:/Users/upuphone/.m2/repository/org/springframework/boot/spring-boot-starter-tomcat/2.7.14/spring-boot-starter-tomcat-2.7.14.jar:/Users/upuphone/.m2/repository/org/apache/tomcat/embed/tomcat-embed-core/9.0.78/tomcat-embed-core-9.0.78.jar:/Users/upuphone/.m2/repository/org/apache/tomcat/embed/tomcat-embed-el/9.0.78/tomcat-embed-el-9.0.78.jar:/Users/upuphone/.m2/repository/org/apache/tomcat/embed/tomcat-embed-websocket/9.0.78/tomcat-embed-websocket-9.0.78.jar:/Users/upuphone/.m2/repository/org/springframework/spring-web/5.3.29/spring-web-5.3.29.jar:/Users/upuphone/.m2/repository/org/springframework/spring-beans/5.3.29/spring-beans-5.3.29.jar:/Users/upuphone/.m2/repository/org/springframework/spring-webmvc/5.3.29/spring-webmvc-5.3.29.jar:/Users/upuphone/.m2/repository/org/springframework/spring-aop/5.3.29/spring-aop-5.3.29.jar:/Users/upuphone/.m2/repository/org/springframework/spring-context/5.3.29/spring-context-5.3.29.jar:/Users/upuphone/.m2/repository/org/springframework/spring-expression/5.3.29/spring-expression-5.3.29.jar:/Users/upuphone/.m2/repository/org/antlr/antlr4-runtime/4.13.1/antlr4-runtime-4.13.1.jar:/Users/upuphone/.m2/repository/com/fasterxml/jackson/core/jackson-databind/2.13.5/jackson-databind-2.13.5.jar:/Users/upuphone/.m2/repository/com/fasterxml/jackson/core/jackson-annotations/2.13.5/jackson-annotations-2.13.5.jar:/Users/upuphone/.m2/repository/com/fasterxml/jackson/core/jackson-core/2.13.5/jackson-core-2.13.5.jar:/Users/upuphone/.m2/repository/org/springframework/boot/spring-boot-starter-logging/2.7.14/spring-boot-starter-logging-2.7.14.jar:/Users/upuphone/.m2/repository/ch/qos/logback/logback-classic/1.2.12/logback-classic-1.2.12.jar:/Users/upuphone/.m2/repository/ch/qos/logback/logback-core/1.2.12/logback-core-1.2.12.jar:/Users/upuphone/.m2/repository/org/slf4j/slf4j-api/1.7.36/slf4j-api-1.7.36.jar:/Users/upuphone/.m2/repository/org/apache/logging/log4j/log4j-to-slf4j/2.17.2/log4j-to-slf4j-2.17.2.jar:/Users/upuphone/.m2/repository/org/apache/logging/log4j/log4j-api/2.17.2/log4j-api-2.17.2.jar:/Users/upuphone/.m2/repository/org/slf4j/jul-to-slf4j/1.7.36/jul-to-slf4j-1.7.36.jar:/Users/upuphone/.m2/repository/org/springframework/boot/spring-boot-starter-test/2.7.14/spring-boot-starter-test-2.7.14.jar:/Users/upuphone/.m2/repository/org/springframework/boot/spring-boot-test/2.7.14/spring-boot-test-2.7.14.jar:/Users/upuphone/.m2/repository/org/springframework/boot/spring-boot-test-autoconfigure/2.7.14/spring-boot-test-autoconfigure-2.7.14.jar:/Users/upuphone/.m2/repository/com/jayway/jsonpath/json-path/2.7.0/json-path-2.7.0.jar:/Users/upuphone/.m2/repository/net/minidev/json-smart/2.4.11/json-smart-2.4.11.jar:/Users/upuphone/.m2/repository/net/minidev/accessors-smart/2.4.11/accessors-smart-2.4.11.jar:/Users/upuphone/.m2/repository/org/ow2/asm/asm/9.3/asm-9.3.jar:/Users/upuphone/.m2/repository/jakarta/xml/bind/jakarta.xml.bind-api/2.3.3/jakarta.xml.bind-api-2.3.3.jar:/Users/upuphone/.m2/repository/jakarta/activation/jakarta.activation-api/1.2.2/jakarta.activation-api-1.2.2.jar:/Users/upuphone/.m2/repository/org/assertj/assertj-core/3.22.0/assertj-core-3.22.0.jar:/Users/upuphone/.m2/repository/org/hamcrest/hamcrest/2.2/hamcrest-2.2.jar:/Users/upuphone/.m2/repository/org/mockito/mockito-core/4.5.1/mockito-core-4.5.1.jar:/Users/upuphone/.m2/repository/net/bytebuddy/byte-buddy/1.12.23/byte-buddy-1.12.23.jar:/Users/upuphone/.m2/repository/net/bytebuddy/byte-buddy-agent/1.12.23/byte-buddy-agent-1.12.23.jar:/Users/upuphone/.m2/repository/org/objenesis/objenesis/3.2/objenesis-3.2.jar:/Users/upuphone/.m2/repository/org/mockito/mockito-junit-jupiter/4.5.1/mockito-junit-jupiter-4.5.1.jar:/Users/upuphone/.m2/repository/org/skyscreamer/jsonassert/1.5.1/jsonassert-1.5.1.jar:/Users/upuphone/.m2/repository/com/vaadin/external/google/android-json/0.0.20131108.vaadin1/android-json-0.0.20131108.vaadin1.jar:/Users/upuphone/.m2/repository/org/springframework/spring-core/5.3.29/spring-core-5.3.29.jar:/Users/upuphone/.m2/repository/org/springframework/spring-jcl/5.3.29/spring-jcl-5.3.29.jar:/Users/upuphone/.m2/repository/org/springframework/spring-test/5.3.29/spring-test-5.3.29.jar:/Users/upuphone/.m2/repository/org/xmlunit/xmlunit-core/2.9.1/xmlunit-core-2.9.1.jar:/Users/upuphone/.m2/repository/org/junit/jupiter/junit-jupiter/5.8.2/junit-jupiter-5.8.2.jar:/Users/upuphone/.m2/repository/org/junit/jupiter/junit-jupiter-api/5.8.2/junit-jupiter-api-5.8.2.jar:/Users/upuphone/.m2/repository/org/opentest4j/opentest4j/1.2.0/opentest4j-1.2.0.jar:/Users/upuphone/.m2/repository/org/junit/platform/junit-platform-commons/1.8.2/junit-platform-commons-1.8.2.jar:/Users/upuphone/.m2/repository/org/apiguardian/apiguardian-api/1.1.2/apiguardian-api-1.1.2.jar:/Users/upuphone/.m2/repository/org/junit/jupiter/junit-jupiter-params/5.8.2/junit-jupiter-params-5.8.2.jar:/Users/upuphone/.m2/repository/org/junit/jupiter/junit-jupiter-engine/5.8.2/junit-jupiter-engine-5.8.2.jar:/Users/upuphone/.m2/repository/org/junit/platform/junit-platform-engine/1.8.2/junit-platform-engine-1.8.2.jar:"/>
    <property name="https.proxyPort" value="8118"/>
    <property name="java.vm.vendor" value="Oracle Corporation"/>
    <property name="sun.arch.data.model" value="64"/>
    <property name="java.vendor.url" value="https://openjdk.java.net/"/>
    <property name="user.timezone" value=""/>
    <property name="java.vm.specification.version" value="11"/>
    <property name="os.name" value="Mac OS X"/>
    <property name="sun.java.launcher" value="SUN_STANDARD"/>
    <property name="user.country" value="CN"/>
    <property name="sun.boot.library.path" value="/Library/Java/JavaVirtualMachines/jdk-11.0.15.jdk/Contents/Home/lib"/>
    <property name="sun.java.command" value="/Users/upuphone/project_ai/small-grammar/target/surefire/surefirebooter-20250804180602521_3.jar /Users/upuphone/project_ai/small-grammar/target/surefire 2025-08-04T18-06-01_713-jvmRun1 surefire-20250804180602521_1tmp surefire_0-20250804180602521_2tmp"/>
    <property name="http.nonProxyHosts" value="17.0.0.0/8|*.17.0.0.0/8|configuration.apple.com|*.configuration.apple.com|192.168.0.0/16|*.192.168.0.0/16|172.16.0.0/12|*.172.16.0.0/12|guzzoni.apple.com|*.guzzoni.apple.com|captive.apple.com|*.captive.apple.com|push.apple.com|*.push.apple.com|smp-device-content.apple.com|*.smp-device-content.apple.com|127.0.0.1|local|*.local|xp.apple.com|*.xp.apple.com|push-apple.com.akadns.net|*.push-apple.com.akadns.net|100.64.0.0/10|*.100.64.0.0/10|api.smoot.apple.com|*.api.smoot.apple.com|localhost|*.localhost|193.168.0.0/24|*.193.168.0.0/24|10.0.0.0/8|*.10.0.0.0/8|ess.apple.com|*.ess.apple.com"/>
    <property name="jdk.debug" value="release"/>
    <property name="test" value="ImprovedFSMNLUEngineTest"/>
    <property name="surefire.test.class.path" value="/Users/upuphone/project_ai/small-grammar/target/test-classes:/Users/upuphone/project_ai/small-grammar/target/classes:/Users/upuphone/.m2/repository/org/springframework/boot/spring-boot-starter-web/2.7.14/spring-boot-starter-web-2.7.14.jar:/Users/upuphone/.m2/repository/org/springframework/boot/spring-boot-starter/2.7.14/spring-boot-starter-2.7.14.jar:/Users/upuphone/.m2/repository/org/springframework/boot/spring-boot/2.7.14/spring-boot-2.7.14.jar:/Users/upuphone/.m2/repository/org/springframework/boot/spring-boot-autoconfigure/2.7.14/spring-boot-autoconfigure-2.7.14.jar:/Users/upuphone/.m2/repository/jakarta/annotation/jakarta.annotation-api/1.3.5/jakarta.annotation-api-1.3.5.jar:/Users/upuphone/.m2/repository/org/yaml/snakeyaml/1.30/snakeyaml-1.30.jar:/Users/upuphone/.m2/repository/org/springframework/boot/spring-boot-starter-json/2.7.14/spring-boot-starter-json-2.7.14.jar:/Users/upuphone/.m2/repository/com/fasterxml/jackson/datatype/jackson-datatype-jdk8/2.13.5/jackson-datatype-jdk8-2.13.5.jar:/Users/upuphone/.m2/repository/com/fasterxml/jackson/datatype/jackson-datatype-jsr310/2.13.5/jackson-datatype-jsr310-2.13.5.jar:/Users/upuphone/.m2/repository/com/fasterxml/jackson/module/jackson-module-parameter-names/2.13.5/jackson-module-parameter-names-2.13.5.jar:/Users/upuphone/.m2/repository/org/springframework/boot/spring-boot-starter-tomcat/2.7.14/spring-boot-starter-tomcat-2.7.14.jar:/Users/upuphone/.m2/repository/org/apache/tomcat/embed/tomcat-embed-core/9.0.78/tomcat-embed-core-9.0.78.jar:/Users/upuphone/.m2/repository/org/apache/tomcat/embed/tomcat-embed-el/9.0.78/tomcat-embed-el-9.0.78.jar:/Users/upuphone/.m2/repository/org/apache/tomcat/embed/tomcat-embed-websocket/9.0.78/tomcat-embed-websocket-9.0.78.jar:/Users/upuphone/.m2/repository/org/springframework/spring-web/5.3.29/spring-web-5.3.29.jar:/Users/upuphone/.m2/repository/org/springframework/spring-beans/5.3.29/spring-beans-5.3.29.jar:/Users/upuphone/.m2/repository/org/springframework/spring-webmvc/5.3.29/spring-webmvc-5.3.29.jar:/Users/upuphone/.m2/repository/org/springframework/spring-aop/5.3.29/spring-aop-5.3.29.jar:/Users/upuphone/.m2/repository/org/springframework/spring-context/5.3.29/spring-context-5.3.29.jar:/Users/upuphone/.m2/repository/org/springframework/spring-expression/5.3.29/spring-expression-5.3.29.jar:/Users/upuphone/.m2/repository/org/antlr/antlr4-runtime/4.13.1/antlr4-runtime-4.13.1.jar:/Users/upuphone/.m2/repository/com/fasterxml/jackson/core/jackson-databind/2.13.5/jackson-databind-2.13.5.jar:/Users/upuphone/.m2/repository/com/fasterxml/jackson/core/jackson-annotations/2.13.5/jackson-annotations-2.13.5.jar:/Users/upuphone/.m2/repository/com/fasterxml/jackson/core/jackson-core/2.13.5/jackson-core-2.13.5.jar:/Users/upuphone/.m2/repository/org/springframework/boot/spring-boot-starter-logging/2.7.14/spring-boot-starter-logging-2.7.14.jar:/Users/upuphone/.m2/repository/ch/qos/logback/logback-classic/1.2.12/logback-classic-1.2.12.jar:/Users/upuphone/.m2/repository/ch/qos/logback/logback-core/1.2.12/logback-core-1.2.12.jar:/Users/upuphone/.m2/repository/org/slf4j/slf4j-api/1.7.36/slf4j-api-1.7.36.jar:/Users/upuphone/.m2/repository/org/apache/logging/log4j/log4j-to-slf4j/2.17.2/log4j-to-slf4j-2.17.2.jar:/Users/upuphone/.m2/repository/org/apache/logging/log4j/log4j-api/2.17.2/log4j-api-2.17.2.jar:/Users/upuphone/.m2/repository/org/slf4j/jul-to-slf4j/1.7.36/jul-to-slf4j-1.7.36.jar:/Users/upuphone/.m2/repository/org/springframework/boot/spring-boot-starter-test/2.7.14/spring-boot-starter-test-2.7.14.jar:/Users/upuphone/.m2/repository/org/springframework/boot/spring-boot-test/2.7.14/spring-boot-test-2.7.14.jar:/Users/upuphone/.m2/repository/org/springframework/boot/spring-boot-test-autoconfigure/2.7.14/spring-boot-test-autoconfigure-2.7.14.jar:/Users/upuphone/.m2/repository/com/jayway/jsonpath/json-path/2.7.0/json-path-2.7.0.jar:/Users/upuphone/.m2/repository/net/minidev/json-smart/2.4.11/json-smart-2.4.11.jar:/Users/upuphone/.m2/repository/net/minidev/accessors-smart/2.4.11/accessors-smart-2.4.11.jar:/Users/upuphone/.m2/repository/org/ow2/asm/asm/9.3/asm-9.3.jar:/Users/upuphone/.m2/repository/jakarta/xml/bind/jakarta.xml.bind-api/2.3.3/jakarta.xml.bind-api-2.3.3.jar:/Users/upuphone/.m2/repository/jakarta/activation/jakarta.activation-api/1.2.2/jakarta.activation-api-1.2.2.jar:/Users/upuphone/.m2/repository/org/assertj/assertj-core/3.22.0/assertj-core-3.22.0.jar:/Users/upuphone/.m2/repository/org/hamcrest/hamcrest/2.2/hamcrest-2.2.jar:/Users/upuphone/.m2/repository/org/mockito/mockito-core/4.5.1/mockito-core-4.5.1.jar:/Users/upuphone/.m2/repository/net/bytebuddy/byte-buddy/1.12.23/byte-buddy-1.12.23.jar:/Users/upuphone/.m2/repository/net/bytebuddy/byte-buddy-agent/1.12.23/byte-buddy-agent-1.12.23.jar:/Users/upuphone/.m2/repository/org/objenesis/objenesis/3.2/objenesis-3.2.jar:/Users/upuphone/.m2/repository/org/mockito/mockito-junit-jupiter/4.5.1/mockito-junit-jupiter-4.5.1.jar:/Users/upuphone/.m2/repository/org/skyscreamer/jsonassert/1.5.1/jsonassert-1.5.1.jar:/Users/upuphone/.m2/repository/com/vaadin/external/google/android-json/0.0.20131108.vaadin1/android-json-0.0.20131108.vaadin1.jar:/Users/upuphone/.m2/repository/org/springframework/spring-core/5.3.29/spring-core-5.3.29.jar:/Users/upuphone/.m2/repository/org/springframework/spring-jcl/5.3.29/spring-jcl-5.3.29.jar:/Users/upuphone/.m2/repository/org/springframework/spring-test/5.3.29/spring-test-5.3.29.jar:/Users/upuphone/.m2/repository/org/xmlunit/xmlunit-core/2.9.1/xmlunit-core-2.9.1.jar:/Users/upuphone/.m2/repository/org/junit/jupiter/junit-jupiter/5.8.2/junit-jupiter-5.8.2.jar:/Users/upuphone/.m2/repository/org/junit/jupiter/junit-jupiter-api/5.8.2/junit-jupiter-api-5.8.2.jar:/Users/upuphone/.m2/repository/org/opentest4j/opentest4j/1.2.0/opentest4j-1.2.0.jar:/Users/upuphone/.m2/repository/org/junit/platform/junit-platform-commons/1.8.2/junit-platform-commons-1.8.2.jar:/Users/upuphone/.m2/repository/org/apiguardian/apiguardian-api/1.1.2/apiguardian-api-1.1.2.jar:/Users/upuphone/.m2/repository/org/junit/jupiter/junit-jupiter-params/5.8.2/junit-jupiter-params-5.8.2.jar:/Users/upuphone/.m2/repository/org/junit/jupiter/junit-jupiter-engine/5.8.2/junit-jupiter-engine-5.8.2.jar:/Users/upuphone/.m2/repository/org/junit/platform/junit-platform-engine/1.8.2/junit-platform-engine-1.8.2.jar:"/>
    <property name="sun.cpu.endian" value="little"/>
    <property name="user.home" value="/Users/upuphone"/>
    <property name="user.language" value="zh"/>
    <property name="java.specification.vendor" value="Oracle Corporation"/>
    <property name="java.version.date" value="2022-04-19"/>
    <property name="java.home" value="/Library/Java/JavaVirtualMachines/jdk-11.0.15.jdk/Contents/Home"/>
    <property name="file.separator" value="/"/>
    <property name="https.proxyHost" value="127.0.0.1"/>
    <property name="basedir" value="/Users/upuphone/project_ai/small-grammar"/>
    <property name="java.vm.compressedOopsMode" value="Zero based"/>
    <property name="line.separator" value="&#10;"/>
    <property name="java.specification.name" value="Java Platform API Specification"/>
    <property name="java.vm.specification.vendor" value="Oracle Corporation"/>
    <property name="java.awt.graphicsenv" value="sun.awt.CGraphicsEnvironment"/>
    <property name="surefire.real.class.path" value="/Users/upuphone/project_ai/small-grammar/target/surefire/surefirebooter-20250804180602521_3.jar"/>
    <property name="user.script" value="Hans"/>
    <property name="sun.management.compiler" value="HotSpot 64-Bit Tiered Compilers"/>
    <property name="ftp.nonProxyHosts" value="17.0.0.0/8|*.17.0.0.0/8|configuration.apple.com|*.configuration.apple.com|192.168.0.0/16|*.192.168.0.0/16|172.16.0.0/12|*.172.16.0.0/12|guzzoni.apple.com|*.guzzoni.apple.com|captive.apple.com|*.captive.apple.com|push.apple.com|*.push.apple.com|smp-device-content.apple.com|*.smp-device-content.apple.com|127.0.0.1|local|*.local|xp.apple.com|*.xp.apple.com|push-apple.com.akadns.net|*.push-apple.com.akadns.net|100.64.0.0/10|*.100.64.0.0/10|api.smoot.apple.com|*.api.smoot.apple.com|localhost|*.localhost|193.168.0.0/24|*.193.168.0.0/24|10.0.0.0/8|*.10.0.0.0/8|ess.apple.com|*.ess.apple.com"/>
    <property name="java.runtime.version" value="11.0.15+8-LTS-149"/>
    <property name="user.name" value="upuphone"/>
    <property name="path.separator" value=":"/>
    <property name="os.version" value="15.3.1"/>
    <property name="java.runtime.name" value="Java(TM) SE Runtime Environment"/>
    <property name="file.encoding" value="UTF-8"/>
    <property name="java.vm.name" value="Java HotSpot(TM) 64-Bit Server VM"/>
    <property name="java.vendor.version" value="18.9"/>
    <property name="localRepository" value="/Users/upuphone/.m2/repository"/>
    <property name="java.vendor.url.bug" value="https://bugreport.java.com/bugreport/"/>
    <property name="java.io.tmpdir" value="/var/folders/lf/ny__g9bj2mn8n9b5_9njytgc0000gn/T/"/>
    <property name="java.version" value="11.0.15"/>
    <property name="user.dir" value="/Users/upuphone/project_ai/small-grammar"/>
    <property name="os.arch" value="x86_64"/>
    <property name="socksProxyPort" value="8119"/>
    <property name="java.vm.specification.name" value="Java Virtual Machine Specification"/>
    <property name="java.awt.printerjob" value="sun.lwawt.macosx.CPrinterJob"/>
    <property name="sun.os.patch.level" value="unknown"/>
    <property name="java.library.path" value="/Users/upuphone/Library/Java/Extensions:/Library/Java/Extensions:/Network/Library/Java/Extensions:/System/Library/Java/Extensions:/usr/lib/java:."/>
    <property name="java.vendor" value="Oracle Corporation"/>
    <property name="java.vm.info" value="mixed mode"/>
    <property name="java.vm.version" value="11.0.15+8-LTS-149"/>
    <property name="sun.io.unicode.encoding" value="UnicodeBig"/>
    <property name="java.class.version" value="55.0"/>
    <property name="socksNonProxyHosts" value="17.0.0.0/8|*.17.0.0.0/8|configuration.apple.com|*.configuration.apple.com|192.168.0.0/16|*.192.168.0.0/16|172.16.0.0/12|*.172.16.0.0/12|guzzoni.apple.com|*.guzzoni.apple.com|captive.apple.com|*.captive.apple.com|push.apple.com|*.push.apple.com|smp-device-content.apple.com|*.smp-device-content.apple.com|127.0.0.1|local|*.local|xp.apple.com|*.xp.apple.com|push-apple.com.akadns.net|*.push-apple.com.akadns.net|100.64.0.0/10|*.100.64.0.0/10|api.smoot.apple.com|*.api.smoot.apple.com|localhost|*.localhost|193.168.0.0/24|*.193.168.0.0/24|10.0.0.0/8|*.10.0.0.0/8|ess.apple.com|*.ess.apple.com"/>
    <property name="http.proxyPort" value="8118"/>
  </properties>
  <testcase name="testEngineStatistics" classname="com.grammar.nlu.ImprovedFSMNLUEngineTest" time="0.252">
    <system-out><![CDATA[Loaded FSM: weather_query -> WeatherQuery
Loaded FSM: navigate_to -> Navigate

=== Improved FSM NLU Engine Statistics ===
Total FSMs loaded: 2
  weather_query -> WeatherQuery (3 states)
  navigate_to -> Navigate (3 states)

]]></system-out>
  </testcase>
  <testcase name="testJSONOutputFormat" classname="com.grammar.nlu.ImprovedFSMNLUEngineTest" time="0.01">
    <system-out><![CDATA[Loaded FSM: weather_query -> WeatherQuery
]]></system-out>
  </testcase>
  <testcase name="testLoadWeatherCLDFile" classname="com.grammar.nlu.ImprovedFSMNLUEngineTest" time="0.01">
    <system-out><![CDATA[Loaded FSM: weather_query -> WeatherQuery
]]></system-out>
  </testcase>
  <testcase name="testLoadFromResourcesDirectory" classname="com.grammar.nlu.ImprovedFSMNLUEngineTest" time="0.081">
    <system-out><![CDATA[Loaded FSM: navigate -> Navigate
Loaded FSM: navigate_to -> Navigate
Loaded FSM: weather_query -> WeatherQuery
Loaded FSM: query_weather -> weatherSearch
Loaded 4 FSMs from src/main/resources
]]></system-out>
  </testcase>
  <testcase name="testParseWithLoadedGrammars" classname="com.grammar.nlu.ImprovedFSMNLUEngineTest" time="0.015">
    <system-out><![CDATA[Loaded FSM: weather_query -> WeatherQuery
Loaded FSM: navigate_to -> Navigate
]]></system-out>
  </testcase>
  <testcase name="testCLDFileContent" classname="com.grammar.nlu.ImprovedFSMNLUEngineTest" time="0.006"/>
  <testcase name="testLoadMultipleCLDFiles" classname="com.grammar.nlu.ImprovedFSMNLUEngineTest" time="0.012">
    <system-out><![CDATA[Loaded FSM: weather_query -> WeatherQuery
Loaded FSM: navigate_to -> Navigate
]]></system-out>
  </testcase>
  <testcase name="testDirectoryNotFound" classname="com.grammar.nlu.ImprovedFSMNLUEngineTest" time="0.007"/>
  <testcase name="testFileNotFound" classname="com.grammar.nlu.ImprovedFSMNLUEngineTest" time="0.004">
    <system-err><![CDATA[Failed to load grammar file: non-existent-file.cld
Error: non-existent-file.cld
]]></system-err>
  </testcase>
  <testcase name="testLoadNavigationCLDFile" classname="com.grammar.nlu.ImprovedFSMNLUEngineTest" time="0.01">
    <system-out><![CDATA[Loaded FSM: navigate_to -> Navigate
]]></system-out>
  </testcase>
</testsuite>